{"/home/tlcie/dev/lib/stencil-component/ui-kit/src/components/hakion-toggle-button/hakion-toggle-button.tsx": {"path":"/home/tlcie/dev/lib/stencil-component/ui-kit/src/components/hakion-toggle-button/hakion-toggle-button.tsx","statementMap":{"0":{"start":{"line":1,"column":0},"end":{"line":1,"column":67}},"1":{"start":{"line":12,"column":10},"end":{"line":12,"column":42}},"2":{"start":{"line":14,"column":10},"end":{"line":14,"column":37}},"3":{"start":{"line":16,"column":10},"end":{"line":16,"column":40}},"4":{"start":{"line":18,"column":11},"end":{"line":18,"column":50}},"5":{"start":{"line":21,"column":4},"end":{"line":21,"column":71}},"6":{"start":{"line":25,"column":4},"end":{"line":29,"column":6}},"7":{"start":{"line":26,"column":88},"end":{"line":26,"column":116}},"8":{"start":{"line":3,"column":0},"end":{"line":3,"column":null}}},"fnMap":{"0":{"name":"(anonymous_0)","decl":{"start":{"line":3,"column":0},"end":{"line":3,"column":null}},"loc":{"start":{"line":3,"column":0},"end":{"line":31,"column":null}}},"1":{"name":"(anonymous_1)","decl":{"start":{"line":20,"column":2},"end":{"line":20,"column":19}},"loc":{"start":{"line":20,"column":19},"end":{"line":22,"column":3}}},"2":{"name":"(anonymous_2)","decl":{"start":{"line":24,"column":2},"end":{"line":24,"column":8}},"loc":{"start":{"line":24,"column":8},"end":{"line":30,"column":3}}},"3":{"name":"(anonymous_3)","decl":{"start":{"line":26,"column":81},"end":{"line":26,"column":84}},"loc":{"start":{"line":26,"column":88},"end":{"line":26,"column":116}}}},"branchMap":{"0":{"loc":{"start":{"line":27,"column":9},"end":{"line":27,"column":61}},"type":"cond-expr","locations":[{"start":{"line":27,"column":24},"end":{"line":27,"column":40}},{"start":{"line":27,"column":43},"end":{"line":27,"column":61}}]}},"s":{"0":1,"1":1,"2":1,"3":1,"4":1,"5":1,"6":1,"7":0,"8":1},"f":{"0":1,"1":1,"2":1,"3":0},"b":{"0":[0,1]}}
}
