{"/home/tlcie/dev/lib/stencil-component/ui-kit/src/components/hakion-search-input/hakion-search-input.tsx": {"path":"/home/tlcie/dev/lib/stencil-component/ui-kit/src/components/hakion-search-input/hakion-search-input.tsx","statementMap":{"0":{"start":{"line":1,"column":0},"end":{"line":1,"column":77}},"1":{"start":{"line":9,"column":10},"end":{"line":9,"column":42}},"2":{"start":{"line":10,"column":10},"end":{"line":10,"column":35}},"3":{"start":{"line":12,"column":10},"end":{"line":12,"column":32}},"4":{"start":{"line":14,"column":2},"end":{"line":14,"column":25}},"5":{"start":{"line":17,"column":4},"end":{"line":17,"column":29}},"6":{"start":{"line":18,"column":4},"end":{"line":22,"column":22}},"7":{"start":{"line":19,"column":6},"end":{"line":21,"column":null}},"8":{"start":{"line":20,"column":8},"end":{"line":20,"column":29}},"9":{"start":{"line":26,"column":40},"end":{"line":26,"column":44}},"10":{"start":{"line":28,"column":4},"end":{"line":45,"column":6}},"11":{"start":{"line":3,"column":0},"end":{"line":3,"column":null}}},"fnMap":{"0":{"name":"(anonymous_0)","decl":{"start":{"line":3,"column":0},"end":{"line":3,"column":null}},"loc":{"start":{"line":3,"column":0},"end":{"line":47,"column":null}}},"1":{"name":"(anonymous_1)","decl":{"start":{"line":16,"column":2},"end":{"line":16,"column":15}},"loc":{"start":{"line":16,"column":23},"end":{"line":23,"column":3}}},"2":{"name":"(anonymous_2)","decl":{"start":{"line":18,"column":28},"end":{"line":18,"column":31}},"loc":{"start":{"line":18,"column":33},"end":{"line":22,"column":5}}},"3":{"name":"(anonymous_3)","decl":{"start":{"line":25,"column":2},"end":{"line":25,"column":8}},"loc":{"start":{"line":25,"column":8},"end":{"line":46,"column":3}}}},"branchMap":{"0":{"loc":{"start":{"line":19,"column":6},"end":{"line":21,"column":null}},"type":"if","locations":[{"start":{"line":19,"column":6},"end":{"line":21,"column":null}}]}},"s":{"0":1,"1":1,"2":1,"3":1,"4":1,"5":0,"6":0,"7":0,"8":0,"9":1,"10":1,"11":1},"f":{"0":1,"1":0,"2":0,"3":1},"b":{"0":[0]}}
}
